<?xml version="1.0" encoding="utf-8"?><testsuites name="pytest tests"><testsuite name="pytest" errors="0" failures="0" skipped="0" tests="18" time="7.083" timestamp="2026-09-22T13:06:11.982457+00:00" hostname="agent-env-2e098344-1c8d-4f06-9096-2112c0f9bd11"><testcase classname="tests.backend_test.TestAuth" name="test_login_ok" time="0.753" /><testcase classname="tests.backend_test.TestAuth" name="test_login_bad" time="0.517" /><testcase classname="tests.backend_test.TestAuth" name="test_me_requires_auth" time="0.249" /><testcase classname="tests.backend_test.TestWorkspaces" name="test_list_workspaces_seeded" time="2.914" /><testcase classname="tests.backend_test.TestWorkspaces" name="test_channels_listed_for_member" time="0.345" /><testcase classname="tests.backend_test.TestWorkspaces" name="test_private_channel_hidden_for_non_member" time="0.416" /><testcase classname="tests.backend_test.TestAuth" name="test_me_ok" time="2.296" /><testcase classname="tests.backend_test.TestWorkspaces" name="test_workspace_membership_forbidden" time="0.775" /><testcase classname="tests.backend_test.TestAuth" name="test_register_and_persist" time="0.918" /><testcase classname="tests.backend_test.TestDMs" name="test_start_and_message" time="0.419" /><testcase classname="tests.backend_test.TestMessages" name="test_list_messages_general" time="0.300" /><testcase classname="tests.backend_test.TestDMs" name="test_dm_forbidden_third_party" time="0.218" /><testcase classname="tests.backend_test.TestMessages" name="test_post_and_persist" time="0.304" /><testcase classname="tests.backend_test.TestNotifications" name="test_list_and_read_all" time="0.219" /><testcase classname="tests.backend_test.TestFiles" name="test_upload_and_download" time="0.642" /><testcase classname="tests.backend_test.TestMessages" name="test_post_to_private_forbidden_for_non_member" time="0.619" /><testcase classname="tests.backend_test.TestWebSocket" name="test_ws_connect_and_realtime_message" time="0.531" /><testcase classname="tests.backend_test.TestMessages" name="test_search_permission_scope" time="0.405" /></testsuite></testsuites>